g:\projects\restaurantmanager\restaurantmanager\debug\orderpage.xaml.obj
g:\projects\restaurantmanager\restaurantmanager\debug\expeditepage.xaml.obj
g:\projects\restaurantmanager\restaurantmanager\debug\xamltypeinfo.impl.g.obj
g:\projects\restaurantmanager\restaurantmanager\debug\app.xaml.obj
g:\projects\restaurantmanager\restaurantmanager\debug\mainpage.xaml.obj
g:\projects\restaurantmanager\restaurantmanager\debug\datamanager.obj
g:\projects\restaurantmanager\restaurantmanager\debug\restaurantmanager.pch
g:\projects\restaurantmanager\restaurantmanager\debug\vc140.pdb
g:\projects\restaurantmanager\restaurantmanager\debug\vc140.idb
g:\projects\restaurantmanager\restaurantmanager\debug\pch.obj
g:\projects\restaurantmanager\restaurantmanager\debug\xamltypeinfo.g.obj
g:\projects\restaurantmanager\restaurantmanager\debug\restaura.f057ee5a.tlog\restaurantmanager.winmd.lastbuild
g:\projects\restaurantmanager\debug\restaurantmanager\restaurantmanager.ilk
g:\projects\restaurantmanager\debug\restaurantmanager\restaurantmanager.exe
g:\projects\restaurantmanager\debug\restaurantmanager\restaurantmanager.pdb
g:\projects\restaurantmanager\debug\restaurantmanager\restaurantmanager.winmd
g:\projects\restaurantmanager\debug\restaurantmanager\restaurantmanager.lib
g:\projects\restaurantmanager\debug\restaurantmanager\restaurantmanager.exp
g:\projects\restaurantmanager\restaurantmanager\debug\restaurantmanager.vcxprojresolveassemblyreference.cache
g:\projects\restaurantmanager\restaurantmanager\generated files\app.g.h
g:\projects\restaurantmanager\restaurantmanager\generated files\expeditepage.g.h
g:\projects\restaurantmanager\restaurantmanager\generated files\mainpage.g.h
g:\projects\restaurantmanager\restaurantmanager\generated files\orderpage.g.h
g:\projects\restaurantmanager\restaurantmanager\generated files\xamllibmetadataprovider.g.cpp
g:\projects\restaurantmanager\restaurantmanager\generated files\xamltypeinfo.impl.g.cpp
g:\projects\restaurantmanager\restaurantmanager\generated files\app.xaml
g:\projects\restaurantmanager\restaurantmanager\generated files\mainpage.xaml
g:\projects\restaurantmanager\restaurantmanager\generated files\orderpage.xaml
g:\projects\restaurantmanager\restaurantmanager\generated files\styles.xaml
g:\projects\restaurantmanager\restaurantmanager\generated files\expeditepage.xaml
g:\projects\restaurantmanager\restaurantmanager\generated files\app.xbf
g:\projects\restaurantmanager\restaurantmanager\generated files\mainpage.xbf
g:\projects\restaurantmanager\restaurantmanager\generated files\orderpage.xbf
g:\projects\restaurantmanager\restaurantmanager\generated files\styles.xbf
g:\projects\restaurantmanager\restaurantmanager\generated files\expeditepage.xbf
g:\projects\restaurantmanager\restaurantmanager\debug\xamlsavestatefile.xml
g:\projects\restaurantmanager\restaurantmanager\generated files\xamltypeinfo.g.cpp
g:\projects\restaurantmanager\debug\restaurantmanager\app.xbf
g:\projects\restaurantmanager\debug\restaurantmanager\expeditepage.xbf
g:\projects\restaurantmanager\debug\restaurantmanager\mainpage.xbf
g:\projects\restaurantmanager\debug\restaurantmanager\orderpage.xbf
g:\projects\restaurantmanager\debug\restaurantmanager\styles.xbf
g:\projects\restaurantmanager\restaurantmanager\debug\resourcehandlingtask.state
g:\projects\restaurantmanager\restaurantmanager\debug\priconfig.xml
g:\projects\restaurantmanager\restaurantmanager\debug\priconfig.xml.intermediate
g:\projects\restaurantmanager\restaurantmanager\debug\layout.resfiles
g:\projects\restaurantmanager\restaurantmanager\debug\layout.resfiles.intermediate
g:\projects\restaurantmanager\restaurantmanager\debug\resources.resfiles
g:\projects\restaurantmanager\restaurantmanager\debug\resources.resfiles.intermediate
g:\projects\restaurantmanager\restaurantmanager\debug\pri.resfiles
g:\projects\restaurantmanager\restaurantmanager\debug\pri.resfiles.intermediate
g:\projects\restaurantmanager\debug\restaurantmanager\resources.pri
g:\projects\restaurantmanager\restaurantmanager\debug\qualifiers.txt
g:\projects\restaurantmanager\restaurantmanager\debug\qualifiers.txt.intermediate
g:\projects\restaurantmanager\restaurantmanager\debug\multiplequalifiersperdimensionfound.txt
g:\projects\restaurantmanager\restaurantmanager\debug\projectarchitectures.txt
g:\projects\restaurantmanager\debug\restaurantmanager\appxmanifest.xml
g:\projects\restaurantmanager\debug\restaurantmanager\restaurantmanager.build.appxrecipe
g:\projects\restaurantmanager\restaurantmanager\debug\embed.resfiles
g:\projects\restaurantmanager\restaurantmanager\debug\restaura.f057ee5a.tlog\cl.command.1.tlog
g:\projects\restaurantmanager\restaurantmanager\debug\restaura.f057ee5a.tlog\cl.read.1.tlog
g:\projects\restaurantmanager\restaurantmanager\debug\restaura.f057ee5a.tlog\cl.write.1.tlog
g:\projects\restaurantmanager\restaurantmanager\debug\restaura.f057ee5a.tlog\link.10184.delete.1.tlog
g:\projects\restaurantmanager\restaurantmanager\debug\restaura.f057ee5a.tlog\link.11104.delete.1.tlog
g:\projects\restaurantmanager\restaurantmanager\debug\restaura.f057ee5a.tlog\link.11772.delete.1.tlog
g:\projects\restaurantmanager\restaurantmanager\debug\restaura.f057ee5a.tlog\link.15724.delete.1.tlog
g:\projects\restaurantmanager\restaurantmanager\debug\restaura.f057ee5a.tlog\link.18244.delete.1.tlog
g:\projects\restaurantmanager\restaurantmanager\debug\restaura.f057ee5a.tlog\link.2444.delete.1.tlog
g:\projects\restaurantmanager\restaurantmanager\debug\restaura.f057ee5a.tlog\link.6612.delete.1.tlog
g:\projects\restaurantmanager\restaurantmanager\debug\restaura.f057ee5a.tlog\link.7024.delete.1.tlog
g:\projects\restaurantmanager\restaurantmanager\debug\restaura.f057ee5a.tlog\link.7088.delete.1.tlog
g:\projects\restaurantmanager\restaurantmanager\debug\restaura.f057ee5a.tlog\link.7832.delete.1.tlog
g:\projects\restaurantmanager\restaurantmanager\debug\restaura.f057ee5a.tlog\link.8504.delete.1.tlog
g:\projects\restaurantmanager\restaurantmanager\debug\restaura.f057ee5a.tlog\link.command.1.tlog
g:\projects\restaurantmanager\restaurantmanager\debug\restaura.f057ee5a.tlog\link.delete.1.tlog
g:\projects\restaurantmanager\restaurantmanager\debug\restaura.f057ee5a.tlog\link.read.1.tlog
g:\projects\restaurantmanager\restaurantmanager\debug\restaura.f057ee5a.tlog\link.write.1.tlog
g:\projects\restaurantmanager\restaurantmanager\debug\restaura.f057ee5a.tlog\restaurantmanager.read.1u.tlog
g:\projects\restaurantmanager\restaurantmanager\debug\restaura.f057ee5a.tlog\restaurantmanager.write.1u.tlog
g:\projects\restaurantmanager\restaurantmanager\generated files\expediteorder.g.h
g:\projects\restaurantmanager\restaurantmanager\generated files\styles.g.h
g:\projects\restaurantmanager\restaurantmanager\generated files\xamlbindinginfo.g.h
g:\projects\restaurantmanager\restaurantmanager\generated files\xamltypeinfo.g.h
